<?xml version="1.0" encoding="UTF-8"?>
<!-- Generated by org.testng.reporters.JUnitReportReporter -->
<testsuite skipped="5" hostname="DESKTOP-2SCAOE5" name="com.NoBroker.testPages.SignUpPageTest" tests="5" failures="0" timestamp="2020-08-17T20:22:41 GMT+05:30" time="0.000" errors="0">
  <testcase name="verifySignUpTitle" time="0.000" classname="com.NoBroker.testPages.SignUpPageTest">
    <skipped/>
  </testcase> <!-- verifySignUpTitle -->
  <system-out/>
  <testcase name="ensureErrorPopUpMessageOnNullTextBox" time="0.000" classname="com.NoBroker.testPages.SignUpPageTest">
    <skipped/>
  </testcase> <!-- ensureErrorPopUpMessageOnNullTextBox -->
  <system-out/>
  <testcase name="verifySignUpWithInvalidValue" time="0.000" classname="com.NoBroker.testPages.SignUpPageTest">
    <skipped/>
  </testcase> <!-- verifySignUpWithInvalidValue -->
  <system-out/>
  <testcase name="verifySignUpWithValidValue" time="0.000" classname="com.NoBroker.testPages.SignUpPageTest">
    <skipped/>
  </testcase> <!-- verifySignUpWithValidValue -->
  <system-out/>
  <testcase name="verifyUserNameAndEmail" time="0.000" classname="com.NoBroker.testPages.SignUpPageTest">
    <skipped/>
  </testcase> <!-- verifyUserNameAndEmail -->
  <system-out/>
</testsuite> <!-- com.NoBroker.testPages.SignUpPageTest -->
