<?xml version="1.0" encoding="UTF-8"?>
<!-- Generated by org.testng.reporters.JUnitReportReporter -->
<testsuite skipped="0" hostname="DESKTOP-2SCAOE5" name="com.NoBroker.testPages.HomePageTest" tests="6" failures="0" timestamp="2020-08-17T20:35:43 GMT+05:30" time="35.529" errors="0">
  <testcase name="setUp" time="28.778" classname="com.NoBroker.testPages.HomePageTest"/>
  <system-out/>
  <testcase name="verifyAllPermissions" time="5.287" classname="com.NoBroker.testPages.HomePageTest"/>
  <system-out/>
  <testcase name="verifyNoBrokerLogoDisplayed" time="0.933" classname="com.NoBroker.testPages.HomePageTest"/>
  <system-out/>
  <testcase name="verifyPackersNMoversfetureDisplayed" time="0.185" classname="com.NoBroker.testPages.HomePageTest"/>
  <system-out/>
  <testcase name="verifyPayRentFetureDisplayed" time="0.168" classname="com.NoBroker.testPages.HomePageTest"/>
  <system-out/>
  <testcase name="verifyClickNEarnFetureDisplyed" time="0.178" classname="com.NoBroker.testPages.HomePageTest"/>
  <system-out/>
</testsuite> <!-- com.NoBroker.testPages.HomePageTest -->
