<?xml version="1.0" encoding="UTF-8"?>
<!-- Generated by org.testng.reporters.JUnitReportReporter -->
<testsuite skipped="1" hostname="DESKTOP-2SCAOE5" name="com.NoBroker.testPages.PayRentPageTest" tests="1" failures="0" timestamp="2020-08-17T20:22:41 GMT+05:30" time="0.000" errors="0">
  <testcase name="VerifyPayRentPageDisplayed" time="0.000" classname="com.NoBroker.testPages.PayRentPageTest">
    <skipped/>
  </testcase> <!-- VerifyPayRentPageDisplayed -->
  <system-out/>
</testsuite> <!-- com.NoBroker.testPages.PayRentPageTest -->
