<?xml version="1.0" encoding="UTF-8"?>
<!-- Generated by org.testng.reporters.JUnitReportReporter -->
<testsuite skipped="6" hostname="DESKTOP-2SCAOE5" name="com.NoBroker.testPages.PropertyAdPageTest" tests="6" failures="0" timestamp="2020-08-17T20:22:41 GMT+05:30" time="0.000" errors="0">
  <testcase name="checkPostFreePropertyAdTitle" time="0.000" classname="com.NoBroker.testPages.PropertyAdPageTest">
    <skipped/>
  </testcase> <!-- checkPostFreePropertyAdTitle -->
  <system-out/>
  <testcase name="verifyEditPropertyAd" time="0.000" classname="com.NoBroker.testPages.PropertyAdPageTest">
    <skipped/>
  </testcase> <!-- verifyEditPropertyAd -->
  <system-out/>
  <testcase name="verifyEnablePropertyForLeaseToNo" time="0.000" classname="com.NoBroker.testPages.PropertyAdPageTest">
    <skipped/>
  </testcase> <!-- verifyEnablePropertyForLeaseToNo -->
  <system-out/>
  <testcase name="checkUploadPhoto" time="0.000" classname="com.NoBroker.testPages.PropertyAdPageTest">
    <skipped/>
  </testcase> <!-- checkUploadPhoto -->
  <system-out/>
  <testcase name="verifyExitPostingAlert" time="0.000" classname="com.NoBroker.testPages.PropertyAdPageTest">
    <skipped/>
  </testcase> <!-- verifyExitPostingAlert -->
  <system-out/>
  <testcase name="verifyFinishPostingButtonDisplayed" time="0.000" classname="com.NoBroker.testPages.PropertyAdPageTest">
    <skipped/>
  </testcase> <!-- verifyFinishPostingButtonDisplayed -->
  <system-out/>
</testsuite> <!-- com.NoBroker.testPages.PropertyAdPageTest -->
